# JRE version: OpenJDK Runtime Environment (11.0.2+9) (build 11.0.2+9)
# Java VM: OpenJDK 64-Bit Server VM (11.0.2+9, mixed mode, tiered, compressed oops, g1 gc, windows-amd64)
Heap:
 garbage-first heap   total 118784K, used 52265K [0x00000000a0c00000, 0x0000000100000000)
  region size 1024K, 42 young (43008K), 5 survivors (5120K)
 Metaspace       used 34635K, capacity 35779K, committed 35840K, reserved 1081344K
  class space    used 4357K, capacity 4831K, committed 4864K, reserved 1048576K
GC Heap History (10 events):
Event: 2.099 GC heap after
{Heap after GC invocations=3 (full 0):
 garbage-first heap   total 98304K, used 8525K [0x00000000a0c00000, 0x0000000100000000)
  region size 1024K, 3 young (3072K), 3 survivors (3072K)
 Metaspace       used 19613K, capacity 20290K, committed 20608K, reserved 1067008K
  class space    used 2367K, capacity 2618K, committed 2688K, reserved 1048576K
}
Event: 2.145 GC heap before
{Heap before GC invocations=3 (full 0):
 garbage-first heap   total 98304K, used 13645K [0x00000000a0c00000, 0x0000000100000000)
  region size 1024K, 9 young (9216K), 3 survivors (3072K)
 Metaspace       used 20471K, capacity 21090K, committed 21248K, reserved 1067008K
  class space    used 2483K, capacity 2714K, committed 2816K, reserved 1048576K
}
Event: 2.151 GC heap after
{Heap after GC invocations=4 (full 0):
 garbage-first heap   total 98304K, used 8860K [0x00000000a0c00000, 0x0000000100000000)
  region size 1024K, 3 young (3072K), 3 survivors (3072K)
 Metaspace       used 20471K, capacity 21090K, committed 21248K, reserved 1067008K
  class space    used 2483K, capacity 2714K, committed 2816K, reserved 1048576K
}
Event: 2.616 GC heap before
{Heap before GC invocations=5 (full 0):
 garbage-first heap   total 98304K, used 44700K [0x00000000a0c00000, 0x0000000100000000)
  region size 1024K, 39 young (39936K), 3 survivors (3072K)
 Metaspace       used 25739K, capacity 26543K, committed 26880K, reserved 1073152K
  class space    used 3166K, capacity 3499K, committed 3584K, reserved 1048576K
}
Event: 2.626 GC heap after
{Heap after GC invocations=6 (full 0):
 garbage-first heap   total 118784K, used 10141K [0x00000000a0c00000, 0x0000000100000000)
  region size 1024K, 4 young (4096K), 4 survivors (4096K)
 Metaspace       used 25739K, capacity 26543K, committed 26880K, reserved 1073152K
  class space    used 3166K, capacity 3499K, committed 3584K, reserved 1048576K
}
Event: 3.025 GC heap before
{Heap before GC invocations=6 (full 0):
 garbage-first heap   total 118784K, used 61341K [0x00000000a0c00000, 0x0000000100000000)
  region size 1024K, 55 young (56320K), 4 survivors (4096K)
 Metaspace       used 26989K, capacity 27809K, committed 28032K, reserved 1073152K
  class space    used 3329K, capacity 3661K, committed 3712K, reserved 1048576K
}
Event: 3.036 GC heap after
{Heap after GC invocations=7 (full 0):
 garbage-first heap   total 118784K, used 11083K [0x00000000a0c00000, 0x0000000100000000)
  region size 1024K, 4 young (4096K), 4 survivors (4096K)
 Metaspace       used 26989K, capacity 27809K, committed 28032K, reserved 1073152K
  class space    used 3329K, capacity 3661K, committed 3712K, reserved 1048576K
}
Event: 4.232 GC heap before
{Heap before GC invocations=7 (full 0):
 garbage-first heap   total 118784K, used 71499K [0x00000000a0c00000, 0x0000000100000000)
  region size 1024K, 63 young (64512K), 4 survivors (4096K)
 Metaspace       used 33988K, capacity 35199K, committed 35456K, reserved 1079296K
  class space    used 4274K, capacity 4722K, committed 4736K, reserved 1048576K
}
Event: 4.262 GC heap after
{Heap after GC invocations=8 (full 0):
 garbage-first heap   total 118784K, used 14887K [0x00000000a0c00000, 0x0000000100000000)
  region size 1024K, 8 young (8192K), 8 survivors (8192K)
 Metaspace       used 33988K, capacity 35199K, committed 35456K, reserved 1079296K
  class space    used 4274K, capacity 4722K, committed 4736K, reserved 1048576K
}
Event: 4.424 GC heap before
{Heap before GC invocations=8 (full 0):
 garbage-first heap   total 118784K, used 50727K [0x00000000a0c00000, 0x0000000100000000)
  region size 1024K, 45 young (46080K), 8 survivors (8192K)
 Metaspace       used 34635K, capacity 35779K, committed 35840K, reserved 1081344K
  class space    used 4357K, capacity 4831K, committed 4864K, reserved 1048576K
}

