# JRE version: OpenJDK Runtime Environment (11.0.2+9) (build 11.0.2+9)
# Java VM: OpenJDK 64-Bit Server VM (11.0.2+9, mixed mode, tiered, compressed oops, g1 gc, windows-amd64)
Heap:
 garbage-first heap   total 98304K, used 10116K [0x00000000a0c00000, 0x0000000100000000)
  region size 1024K, 5 young (5120K), 3 survivors (3072K)
 Metaspace       used 20572K, capacity 21232K, committed 21504K, reserved 1069056K
  class space    used 2494K, capacity 2720K, committed 2816K, reserved 1048576K
GC Heap History (8 events):
Event: 2.329 GC heap before
{Heap before GC invocations=0 (full 0):
 garbage-first heap   total 98304K, used 15360K [0x00000000a0c00000, 0x0000000100000000)
  region size 1024K, 14 young (14336K), 0 survivors (0K)
 Metaspace       used 12663K, capacity 13063K, committed 13312K, reserved 1060864K
  class space    used 1340K, capacity 1487K, committed 1536K, reserved 1048576K
}
Event: 2.349 GC heap after
{Heap after GC invocations=1 (full 0):
 garbage-first heap   total 98304K, used 6205K [0x00000000a0c00000, 0x0000000100000000)
  region size 1024K, 2 young (2048K), 2 survivors (2048K)
 Metaspace       used 12663K, capacity 13063K, committed 13312K, reserved 1060864K
  class space    used 1340K, capacity 1487K, committed 1536K, reserved 1048576K
}
Event: 2.714 GC heap before
{Heap before GC invocations=1 (full 0):
 garbage-first heap   total 98304K, used 12349K [0x00000000a0c00000, 0x0000000100000000)
  region size 1024K, 9 young (9216K), 2 survivors (2048K)
 Metaspace       used 14378K, capacity 14876K, committed 15104K, reserved 1062912K
  class space    used 1557K, capacity 1742K, committed 1792K, reserved 1048576K
}
Event: 2.727 GC heap after
{Heap after GC invocations=2 (full 0):
 garbage-first heap   total 98304K, used 7107K [0x00000000a0c00000, 0x0000000100000000)
  region size 1024K, 1 young (1024K), 1 survivors (1024K)
 Metaspace       used 14378K, capacity 14876K, committed 15104K, reserved 1062912K
  class space    used 1557K, capacity 1742K, committed 1792K, reserved 1048576K
}
Event: 3.570 GC heap before
{Heap before GC invocations=2 (full 0):
 garbage-first heap   total 98304K, used 27587K [0x00000000a0c00000, 0x0000000100000000)
  region size 1024K, 22 young (22528K), 1 survivors (1024K)
 Metaspace       used 18784K, capacity 19409K, committed 19584K, reserved 1067008K
  class space    used 2143K, capacity 2389K, committed 2432K, reserved 1048576K
}
Event: 3.583 GC heap after
{Heap after GC invocations=3 (full 0):
 garbage-first heap   total 98304K, used 8447K [0x00000000a0c00000, 0x0000000100000000)
  region size 1024K, 3 young (3072K), 3 survivors (3072K)
 Metaspace       used 18784K, capacity 19409K, committed 19584K, reserved 1067008K
  class space    used 2143K, capacity 2389K, committed 2432K, reserved 1048576K
}
Event: 3.915 GC heap before
{Heap before GC invocations=3 (full 0):
 garbage-first heap   total 98304K, used 19711K [0x00000000a0c00000, 0x0000000100000000)
  region size 1024K, 15 young (15360K), 3 survivors (3072K)
 Metaspace       used 20466K, capacity 21104K, committed 21248K, reserved 1067008K
  class space    used 2480K, capacity 2720K, committed 2816K, reserved 1048576K
}
Event: 3.930 GC heap after
{Heap after GC invocations=4 (full 0):
 garbage-first heap   total 98304K, used 9092K [0x00000000a0c00000, 0x0000000100000000)
  region size 1024K, 3 young (3072K), 3 survivors (3072K)
 Metaspace       used 20466K, capacity 21104K, committed 21248K, reserved 1067008K
  class space    used 2480K, capacity 2720K, committed 2816K, reserved 1048576K
}

